[{"string":"   ","type":"text"},{"string":"  /","type":"text"},{"string":"ðŸ“Ž","type":"text"},{"string":"Running \"flutter pub get\" in fl_12514...                            1.7s","type":"text"},{"string":"Compiling lib/main.dart for the Web...                          ","type":"text"},{"string":"Target dart2js failed: Exception: lib/main.dart:37:22:","type":"error"},{"string":"Error: Expected ',' before this.","type":"error"},{"string":"          children:[]{","type":"error"},{"string":"                     ^","type":"error"},{"string":"lib/main.dart:37:22:","type":"error"},{"string":"Error: Place positional arguments before named arguments.","type":"error"},{"string":"          children:[]{","type":"error"},{"string":"                     ^","type":"error"},{"string":"lib/main.dart:37:22:","type":"error"},{"string":"Error: Expected named argument.","type":"error"},{"string":"          children:[]{","type":"error"},{"string":"                     ^","type":"error"},{"string":"lib/main.dart:36:22:","type":"error"},{"string":"Error: No named parameter with the name '#1'.","type":"error"},{"string":"        child: Column(","type":"error"},{"string":"          children:[]{","type":"error"},{"string":"","type":"error"},{"string":"../buildtools/flutter/packages/flutter/lib/src/widgets/basic.dart:4341:3:","type":"error"},{"string":"Info: Found this candidate, but the arguments don't match.","type":"error"},{"string":"  Column({","type":"error"},{"string":"  ^^^^^^","type":"error"},{"string":"Error: Compilation failed.","type":"error"},{"string":"","type":"error"},{"string":"Compiling lib/main.dart for the Web...                             15.8s","type":"text"},{"string":"Exception: Failed to compile application for the Web.","type":"error"}]